2019-11-05 17:02:03 [restartedMain] INFO  c.d.newsletter.NewsletterApplication - Starting NewsletterApplication on PC-1157 with PID 1948 (C:\Users\b.dechev\Desktop\Newsletter\target\classes started by b.dechev in C:\Users\b.dechev\Desktop\Newsletter)
2019-11-05 17:02:03 [restartedMain] INFO  c.d.newsletter.NewsletterApplication - No active profile set, falling back to default profiles: default
2019-11-05 17:02:03 [restartedMain] INFO  o.s.b.d.e.DevToolsPropertyDefaultsPostProcessor - Devtools property defaults active! Set 'spring.devtools.add-properties' to 'false' to disable
2019-11-05 17:02:03 [restartedMain] INFO  o.s.b.d.e.DevToolsPropertyDefaultsPostProcessor - For additional web related logging consider setting the 'logging.level.web' property to 'DEBUG'
2019-11-05 17:02:05 [restartedMain] INFO  o.s.d.r.c.RepositoryConfigurationDelegate - Bootstrapping Spring Data repositories in DEFAULT mode.
2019-11-05 17:02:06 [restartedMain] INFO  o.s.d.r.c.RepositoryConfigurationDelegate - Finished Spring Data repository scanning in 103ms. Found 4 repository interfaces.
2019-11-05 17:02:06 [restartedMain] INFO  o.s.c.s.PostProcessorRegistrationDelegate$BeanPostProcessorChecker - Bean 'org.springframework.transaction.annotation.ProxyTransactionManagementConfiguration' of type [org.springframework.transaction.annotation.ProxyTransactionManagementConfiguration$$EnhancerBySpringCGLIB$$b1606ff7] is not eligible for getting processed by all BeanPostProcessors (for example: not eligible for auto-proxying)
2019-11-05 17:02:07 [restartedMain] INFO  o.s.b.w.e.tomcat.TomcatWebServer - Tomcat initialized with port(s): 8080 (http)
2019-11-05 17:02:07 [restartedMain] INFO  o.a.catalina.core.StandardService - Starting service [Tomcat]
2019-11-05 17:02:07 [restartedMain] INFO  o.a.catalina.core.StandardEngine - Starting Servlet engine: [Apache Tomcat/9.0.22]
2019-11-05 17:02:07 [restartedMain] INFO  o.a.c.c.C.[Tomcat].[localhost].[/] - Initializing Spring embedded WebApplicationContext
2019-11-05 17:02:07 [restartedMain] INFO  o.s.web.context.ContextLoader - Root WebApplicationContext: initialization completed in 3496 ms
2019-11-05 17:02:07 [restartedMain] INFO  com.zaxxer.hikari.HikariDataSource - HikariPool-1 - Starting...
2019-11-05 17:02:07 [restartedMain] INFO  com.zaxxer.hikari.HikariDataSource - HikariPool-1 - Start completed.
2019-11-05 17:02:07 [restartedMain] INFO  o.h.jpa.internal.util.LogHelper - HHH000204: Processing PersistenceUnitInfo [
	name: default
	...]
2019-11-05 17:02:07 [restartedMain] INFO  org.hibernate.Version - HHH000412: Hibernate Core {5.3.10.Final}
2019-11-05 17:02:07 [restartedMain] INFO  org.hibernate.cfg.Environment - HHH000206: hibernate.properties not found
2019-11-05 17:02:08 [restartedMain] INFO  o.h.annotations.common.Version - HCANN000001: Hibernate Commons Annotations {5.1.0.Final}
2019-11-05 17:02:08 [restartedMain] INFO  org.hibernate.dialect.Dialect - HHH000400: Using dialect: org.hibernate.dialect.MySQL5Dialect
2019-11-05 17:02:10 [restartedMain] INFO  o.s.o.j.LocalContainerEntityManagerFactoryBean - Initialized JPA EntityManagerFactory for persistence unit 'default'
2019-11-05 17:02:10 [restartedMain] INFO  o.s.b.d.a.OptionalLiveReloadServer - LiveReload server is running on port 35729
2019-11-05 17:02:11 [restartedMain] INFO  o.s.s.web.DefaultSecurityFilterChain - Creating filter chain: Ant [pattern='/resources/**'], []
2019-11-05 17:02:11 [restartedMain] INFO  o.s.s.web.DefaultSecurityFilterChain - Creating filter chain: Ant [pattern='/static/**'], []
2019-11-05 17:02:11 [restartedMain] INFO  o.s.s.web.DefaultSecurityFilterChain - Creating filter chain: Ant [pattern='/css/**'], []
2019-11-05 17:02:11 [restartedMain] INFO  o.s.s.web.DefaultSecurityFilterChain - Creating filter chain: Ant [pattern='/js/**'], []
2019-11-05 17:02:11 [restartedMain] INFO  o.s.s.web.DefaultSecurityFilterChain - Creating filter chain: Ant [pattern='/images/**'], []
2019-11-05 17:02:11 [restartedMain] INFO  o.s.s.web.DefaultSecurityFilterChain - Creating filter chain: any request, [org.springframework.security.web.context.request.async.WebAsyncManagerIntegrationFilter@59ee4381, org.springframework.security.web.context.SecurityContextPersistenceFilter@ecac39e, org.springframework.security.web.header.HeaderWriterFilter@375b6d1a, org.springframework.security.web.authentication.logout.LogoutFilter@69ad5575, org.springframework.security.web.authentication.UsernamePasswordAuthenticationFilter@22295ac3, org.springframework.security.web.savedrequest.RequestCacheAwareFilter@6cf47976, org.springframework.security.web.servletapi.SecurityContextHolderAwareRequestFilter@66fa7b13, org.springframework.security.web.authentication.AnonymousAuthenticationFilter@3179e53d, org.springframework.security.web.session.SessionManagementFilter@9be8738, org.springframework.security.web.access.ExceptionTranslationFilter@3789e84c, org.springframework.security.web.access.intercept.FilterSecurityInterceptor@60c531ad]
2019-11-05 17:02:11 [restartedMain] INFO  o.s.s.c.ThreadPoolTaskExecutor - Initializing ExecutorService 'applicationTaskExecutor'
2019-11-05 17:02:11 [restartedMain] WARN  o.s.b.a.o.j.JpaBaseConfiguration$JpaWebConfiguration$JpaWebMvcConfiguration - spring.jpa.open-in-view is enabled by default. Therefore, database queries may be performed during view rendering. Explicitly configure spring.jpa.open-in-view to disable this warning
2019-11-05 17:02:11 [restartedMain] INFO  o.s.b.a.w.s.WelcomePageHandlerMapping - Adding welcome page template: index
2019-11-05 17:02:11 [restartedMain] INFO  o.s.b.w.e.tomcat.TomcatWebServer - Tomcat started on port(s): 8080 (http) with context path ''
2019-11-05 17:02:11 [restartedMain] INFO  c.d.newsletter.NewsletterApplication - Started NewsletterApplication in 9.3 seconds (JVM running for 11.235)
2019-11-05 17:02:11 [restartedMain] ERROR c.d.newsletter.NewsletterApplication - Message logged at ERROR level
2019-11-05 17:02:11 [restartedMain] WARN  c.d.newsletter.NewsletterApplication - Message logged at WARN level
2019-11-05 17:02:11 [restartedMain] INFO  c.d.newsletter.NewsletterApplication - Message logged at INFO level
2019-11-05 17:02:18 [http-nio-8080-exec-1] INFO  o.a.c.c.C.[Tomcat].[localhost].[/] - Initializing Spring DispatcherServlet 'dispatcherServlet'
2019-11-05 17:02:18 [http-nio-8080-exec-1] INFO  o.s.web.servlet.DispatcherServlet - Initializing Servlet 'dispatcherServlet'
2019-11-05 17:02:18 [http-nio-8080-exec-1] INFO  o.s.web.servlet.DispatcherServlet - Completed initialization in 10 ms
